{"/Users/erwin/projects/siteon/mpluz-assignment/src/decoder/Decoder.ts": {"path":"/Users/erwin/projects/siteon/mpluz-assignment/src/decoder/Decoder.ts","statementMap":{"0":{"start":{"line":1,"column":0},"end":{"line":1,"column":42}},"1":{"start":{"line":3,"column":0},"end":{"line":3,"column":50}},"2":{"start":{"line":6,"column":0},"end":{"line":6,"column":41}},"3":{"start":{"line":7,"column":0},"end":{"line":7,"column":56}},"4":{"start":{"line":17,"column":4},"end":{"line":17,"column":41}},"5":{"start":{"line":18,"column":4},"end":{"line":18,"column":69}},"6":{"start":{"line":19,"column":4},"end":{"line":19,"column":73}},"7":{"start":{"line":19,"column":41},"end":{"line":19,"column":71}},"8":{"start":{"line":27,"column":4},"end":{"line":27,"column":41}},"9":{"start":{"line":35,"column":4},"end":{"line":35,"column":44}},"10":{"start":{"line":44,"column":4},"end":{"line":44,"column":44}},"11":{"start":{"line":53,"column":4},"end":{"line":53,"column":46}},"12":{"start":{"line":61,"column":4},"end":{"line":61,"column":41}},"13":{"start":{"line":69,"column":4},"end":{"line":69,"column":58}},"14":{"start":{"line":70,"column":4},"end":{"line":70,"column":47}},"15":{"start":{"line":9,"column":0},"end":{"line":9,"column":13}}},"fnMap":{"0":{"name":"(anonymous_0)","decl":{"start":{"line":12,"column":2},"end":{"line":12,"column":null}},"loc":{"start":{"line":15,"column":41},"end":{"line":20,"column":3}}},"1":{"name":"(anonymous_1)","decl":{"start":{"line":19,"column":35},"end":{"line":19,"column":38}},"loc":{"start":{"line":19,"column":41},"end":{"line":19,"column":71}}},"2":{"name":"(anonymous_2)","decl":{"start":{"line":26,"column":2},"end":{"line":26,"column":15}},"loc":{"start":{"line":26,"column":26},"end":{"line":28,"column":3}}},"3":{"name":"(anonymous_3)","decl":{"start":{"line":34,"column":2},"end":{"line":34,"column":18}},"loc":{"start":{"line":34,"column":29},"end":{"line":36,"column":3}}},"4":{"name":"(anonymous_4)","decl":{"start":{"line":43,"column":2},"end":{"line":43,"column":11}},"loc":{"start":{"line":43,"column":22},"end":{"line":45,"column":3}}},"5":{"name":"(anonymous_5)","decl":{"start":{"line":52,"column":2},"end":{"line":52,"column":13}},"loc":{"start":{"line":52,"column":38},"end":{"line":54,"column":3}}},"6":{"name":"(anonymous_6)","decl":{"start":{"line":60,"column":2},"end":{"line":60,"column":15}},"loc":{"start":{"line":60,"column":26},"end":{"line":62,"column":3}}},"7":{"name":"(anonymous_7)","decl":{"start":{"line":68,"column":10},"end":{"line":68,"column":33}},"loc":{"start":{"line":68,"column":33},"end":{"line":71,"column":3}}}},"branchMap":{"0":{"loc":{"start":{"line":15,"column":4},"end":{"line":15,"column":41}},"type":"default-arg","locations":[{"start":{"line":15,"column":21},"end":{"line":15,"column":41}}]}},"s":{"0":3,"1":3,"2":3,"3":3,"4":7,"5":7,"6":7,"7":0,"8":5,"9":1,"10":6,"11":1,"12":0,"13":0,"14":0,"15":3},"f":{"0":7,"1":0,"2":5,"3":1,"4":6,"5":1,"6":0,"7":0},"b":{"0":[4]}}
,"/Users/erwin/projects/siteon/mpluz-assignment/src/dongle/DongleModel.ts": {"path":"/Users/erwin/projects/siteon/mpluz-assignment/src/dongle/DongleModel.ts","statementMap":{"0":{"start":{"line":1,"column":0},"end":{"line":1,"column":null}},"1":{"start":{"line":2,"column":4},"end":{"line":2,"column":null}},"2":{"start":{"line":3,"column":4},"end":{"line":3,"column":null}},"3":{"start":{"line":4,"column":4},"end":{"line":4,"column":null}},"4":{"start":{"line":5,"column":4},"end":{"line":5,"column":null}},"5":{"start":{"line":6,"column":4},"end":{"line":6,"column":null}}},"fnMap":{"0":{"name":"(anonymous_0)","decl":{"start":{"line":1,"column":0},"end":{"line":1,"column":12}},"loc":{"start":{"line":1,"column":23},"end":{"line":7,"column":1}}}},"branchMap":{"0":{"loc":{"start":{"line":1,"column":12},"end":{"line":1,"column":null}},"type":"binary-expr","locations":[{"start":{"line":1,"column":12},"end":{"line":1,"column":23}},{"start":{"line":1,"column":23},"end":{"line":1,"column":null}}]}},"s":{"0":6,"1":6,"2":6,"3":6,"4":6,"5":6},"f":{"0":6},"b":{"0":[6,6]}}
,"/Users/erwin/projects/siteon/mpluz-assignment/src/dongle/DongleType.ts": {"path":"/Users/erwin/projects/siteon/mpluz-assignment/src/dongle/DongleType.ts","statementMap":{"0":{"start":{"line":1,"column":0},"end":{"line":1,"column":null}},"1":{"start":{"line":2,"column":4},"end":{"line":2,"column":null}},"2":{"start":{"line":3,"column":4},"end":{"line":3,"column":null}},"3":{"start":{"line":4,"column":4},"end":{"line":4,"column":null}}},"fnMap":{"0":{"name":"(anonymous_0)","decl":{"start":{"line":1,"column":0},"end":{"line":1,"column":12}},"loc":{"start":{"line":1,"column":22},"end":{"line":5,"column":1}}}},"branchMap":{"0":{"loc":{"start":{"line":1,"column":12},"end":{"line":1,"column":null}},"type":"binary-expr","locations":[{"start":{"line":1,"column":12},"end":{"line":1,"column":22}},{"start":{"line":1,"column":22},"end":{"line":1,"column":null}}]}},"s":{"0":6,"1":6,"2":6,"3":6},"f":{"0":6},"b":{"0":[6,6]}}
,"/Users/erwin/projects/siteon/mpluz-assignment/src/encoder/Encoder.ts": {"path":"/Users/erwin/projects/siteon/mpluz-assignment/src/encoder/Encoder.ts","statementMap":{"0":{"start":{"line":1,"column":0},"end":{"line":1,"column":42}},"1":{"start":{"line":3,"column":0},"end":{"line":3,"column":50}},"2":{"start":{"line":5,"column":0},"end":{"line":5,"column":41}},"3":{"start":{"line":6,"column":0},"end":{"line":6,"column":53}},"4":{"start":{"line":16,"column":8},"end":{"line":16,"column":45}},"5":{"start":{"line":14,"column":16},"end":{"line":14,"column":33}},"6":{"start":{"line":17,"column":8},"end":{"line":17,"column":71}},"7":{"start":{"line":21,"column":8},"end":{"line":21,"column":43}},"8":{"start":{"line":22,"column":8},"end":{"line":22,"column":71}},"9":{"start":{"line":26,"column":8},"end":{"line":26,"column":46}},"10":{"start":{"line":27,"column":8},"end":{"line":27,"column":74}},"11":{"start":{"line":31,"column":8},"end":{"line":31,"column":46}},"12":{"start":{"line":35,"column":8},"end":{"line":35,"column":54}},"13":{"start":{"line":39,"column":8},"end":{"line":39,"column":40}},"14":{"start":{"line":8,"column":0},"end":{"line":8,"column":13}}},"fnMap":{"0":{"name":"(anonymous_0)","decl":{"start":{"line":11,"column":4},"end":{"line":11,"column":null}},"loc":{"start":{"line":14,"column":53},"end":{"line":18,"column":5}}},"1":{"name":"(anonymous_1)","decl":{"start":{"line":20,"column":4},"end":{"line":20,"column":16}},"loc":{"start":{"line":20,"column":27},"end":{"line":23,"column":5}}},"2":{"name":"(anonymous_2)","decl":{"start":{"line":25,"column":4},"end":{"line":25,"column":19}},"loc":{"start":{"line":25,"column":30},"end":{"line":28,"column":5}}},"3":{"name":"(anonymous_3)","decl":{"start":{"line":30,"column":4},"end":{"line":30,"column":12}},"loc":{"start":{"line":30,"column":23},"end":{"line":32,"column":5}}},"4":{"name":"(anonymous_4)","decl":{"start":{"line":34,"column":4},"end":{"line":34,"column":15}},"loc":{"start":{"line":34,"column":31},"end":{"line":36,"column":5}}},"5":{"name":"(anonymous_5)","decl":{"start":{"line":38,"column":4},"end":{"line":38,"column":8}},"loc":{"start":{"line":38,"column":18},"end":{"line":40,"column":5}}}},"branchMap":{"0":{"loc":{"start":{"line":14,"column":16},"end":{"line":14,"column":53}},"type":"default-arg","locations":[{"start":{"line":14,"column":33},"end":{"line":14,"column":53}}]}},"s":{"0":6,"1":6,"2":6,"3":6,"4":21,"5":21,"6":21,"7":14,"8":14,"9":2,"10":2,"11":16,"12":1,"13":1,"14":6},"f":{"0":21,"1":14,"2":2,"3":16,"4":1,"5":1},"b":{"0":[21]}}
,"/Users/erwin/projects/siteon/mpluz-assignment/src/input/Input.ts": {"path":"/Users/erwin/projects/siteon/mpluz-assignment/src/input/Input.ts","statementMap":{"0":{"start":{"line":1,"column":0},"end":{"line":1,"column":42}},"1":{"start":{"line":12,"column":8},"end":{"line":12,"column":52}},"2":{"start":{"line":13,"column":8},"end":{"line":13,"column":28}},"3":{"start":{"line":17,"column":8},"end":{"line":17,"column":27}},"4":{"start":{"line":21,"column":8},"end":{"line":21,"column":28}},"5":{"start":{"line":25,"column":8},"end":{"line":25,"column":24}},"6":{"start":{"line":3,"column":0},"end":{"line":3,"column":13}}},"fnMap":{"0":{"name":"(anonymous_0)","decl":{"start":{"line":7,"column":4},"end":{"line":7,"column":null}},"loc":{"start":{"line":10,"column":47},"end":{"line":14,"column":5}}},"1":{"name":"(anonymous_1)","decl":{"start":{"line":16,"column":4},"end":{"line":16,"column":8}},"loc":{"start":{"line":16,"column":13},"end":{"line":18,"column":5}}},"2":{"name":"(anonymous_2)","decl":{"start":{"line":20,"column":4},"end":{"line":20,"column":8}},"loc":{"start":{"line":20,"column":31},"end":{"line":22,"column":5}}},"3":{"name":"(anonymous_3)","decl":{"start":{"line":24,"column":4},"end":{"line":24,"column":8}},"loc":{"start":{"line":24,"column":10},"end":{"line":26,"column":5}}}},"branchMap":{"0":{"loc":{"start":{"line":10,"column":8},"end":{"line":10,"column":47}},"type":"default-arg","locations":[{"start":{"line":10,"column":28},"end":{"line":10,"column":47}}]}},"s":{"0":8,"1":60,"2":60,"3":17,"4":19,"5":8,"6":8},"f":{"0":60,"1":17,"2":19,"3":8},"b":{"0":[59]}}
,"/Users/erwin/projects/siteon/mpluz-assignment/src/input/InputManager.ts": {"path":"/Users/erwin/projects/siteon/mpluz-assignment/src/input/InputManager.ts","statementMap":{"0":{"start":{"line":1,"column":0},"end":{"line":1,"column":32}},"1":{"start":{"line":2,"column":0},"end":{"line":2,"column":42}},"2":{"start":{"line":3,"column":30},"end":{"line":3,"column":31}},"3":{"start":{"line":6,"column":21},"end":{"line":6,"column":42}},"4":{"start":{"line":9,"column":8},"end":{"line":9,"column":49}},"5":{"start":{"line":13,"column":8},"end":{"line":13,"column":55}},"6":{"start":{"line":17,"column":8},"end":{"line":17,"column":34}},"7":{"start":{"line":21,"column":22},"end":{"line":21,"column":61}},"8":{"start":{"line":22,"column":8},"end":{"line":26,"column":9}},"9":{"start":{"line":23,"column":12},"end":{"line":23,"column":44}},"10":{"start":{"line":25,"column":12},"end":{"line":25,"column":47}},"11":{"start":{"line":30,"column":22},"end":{"line":30,"column":61}},"12":{"start":{"line":31,"column":8},"end":{"line":35,"column":9}},"13":{"start":{"line":32,"column":12},"end":{"line":32,"column":46}},"14":{"start":{"line":34,"column":12},"end":{"line":34,"column":47}},"15":{"start":{"line":39,"column":8},"end":{"line":39,"column":71}},"16":{"start":{"line":39,"column":41},"end":{"line":39,"column":61}},"17":{"start":{"line":43,"column":8},"end":{"line":45,"column":9}},"18":{"start":{"line":43,"column":21},"end":{"line":43,"column":22}},"19":{"start":{"line":44,"column":12},"end":{"line":44,"column":54}},"20":{"start":{"line":5,"column":0},"end":{"line":5,"column":13}}},"fnMap":{"0":{"name":"(anonymous_0)","decl":{"start":{"line":8,"column":4},"end":{"line":8,"column":16}},"loc":{"start":{"line":8,"column":53},"end":{"line":10,"column":5}}},"1":{"name":"(anonymous_1)","decl":{"start":{"line":12,"column":4},"end":{"line":12,"column":12}},"loc":{"start":{"line":12,"column":23},"end":{"line":14,"column":5}}},"2":{"name":"(anonymous_2)","decl":{"start":{"line":16,"column":4},"end":{"line":16,"column":8}},"loc":{"start":{"line":16,"column":14},"end":{"line":18,"column":5}}},"3":{"name":"(anonymous_3)","decl":{"start":{"line":20,"column":4},"end":{"line":20,"column":16}},"loc":{"start":{"line":20,"column":27},"end":{"line":27,"column":5}}},"4":{"name":"(anonymous_4)","decl":{"start":{"line":29,"column":4},"end":{"line":29,"column":19}},"loc":{"start":{"line":29,"column":30},"end":{"line":36,"column":5}}},"5":{"name":"(anonymous_5)","decl":{"start":{"line":38,"column":4},"end":{"line":38,"column":15}},"loc":{"start":{"line":38,"column":31},"end":{"line":40,"column":5}}},"6":{"name":"(anonymous_6)","decl":{"start":{"line":39,"column":32},"end":{"line":39,"column":37}},"loc":{"start":{"line":39,"column":41},"end":{"line":39,"column":61}}},"7":{"name":"(anonymous_7)","decl":{"start":{"line":42,"column":12},"end":{"line":42,"column":24}},"loc":{"start":{"line":42,"column":57},"end":{"line":46,"column":5}}}},"branchMap":{"0":{"loc":{"start":{"line":22,"column":8},"end":{"line":26,"column":9}},"type":"if","locations":[{"start":{"line":22,"column":8},"end":{"line":26,"column":9}},{"start":{"line":24,"column":15},"end":{"line":26,"column":9}}]},"1":{"loc":{"start":{"line":31,"column":8},"end":{"line":35,"column":9}},"type":"if","locations":[{"start":{"line":31,"column":8},"end":{"line":35,"column":9}},{"start":{"line":33,"column":15},"end":{"line":35,"column":9}}]},"2":{"loc":{"start":{"line":39,"column":15},"end":{"line":39,"column":70}},"type":"binary-expr","locations":[{"start":{"line":39,"column":15},"end":{"line":39,"column":62}},{"start":{"line":39,"column":66},"end":{"line":39,"column":70}}]}},"s":{"0":7,"1":7,"2":7,"3":29,"4":29,"5":20,"6":2,"7":16,"8":16,"9":15,"10":1,"11":4,"12":4,"13":3,"14":1,"15":3,"16":4,"17":29,"18":29,"19":57,"20":7},"f":{"0":29,"1":20,"2":2,"3":16,"4":4,"5":3,"6":4,"7":29},"b":{"0":[15,1],"1":[3,1],"2":[3,1]}}
,"/Users/erwin/projects/siteon/mpluz-assignment/src/input/InputState.ts": {"path":"/Users/erwin/projects/siteon/mpluz-assignment/src/input/InputState.ts","statementMap":{"0":{"start":{"line":2,"column":0},"end":{"line":2,"column":null}},"1":{"start":{"line":3,"column":4},"end":{"line":3,"column":null}},"2":{"start":{"line":4,"column":4},"end":{"line":4,"column":null}}},"fnMap":{"0":{"name":"(anonymous_0)","decl":{"start":{"line":2,"column":0},"end":{"line":2,"column":12}},"loc":{"start":{"line":2,"column":22},"end":{"line":5,"column":1}}}},"branchMap":{"0":{"loc":{"start":{"line":2,"column":12},"end":{"line":2,"column":null}},"type":"binary-expr","locations":[{"start":{"line":2,"column":12},"end":{"line":2,"column":22}},{"start":{"line":2,"column":22},"end":{"line":2,"column":null}}]}},"s":{"0":8,"1":8,"2":8},"f":{"0":8},"b":{"0":[8,8]}}
,"/Users/erwin/projects/siteon/mpluz-assignment/src/output/Output.ts": {"path":"/Users/erwin/projects/siteon/mpluz-assignment/src/output/Output.ts","statementMap":{"0":{"start":{"line":2,"column":0},"end":{"line":2,"column":49}},"1":{"start":{"line":3,"column":0},"end":{"line":3,"column":44}},"2":{"start":{"line":8,"column":12},"end":{"line":8,"column":46}},"3":{"start":{"line":15,"column":8},"end":{"line":15,"column":53}},"4":{"start":{"line":16,"column":8},"end":{"line":16,"column":28}},"5":{"start":{"line":20,"column":8},"end":{"line":20,"column":27}},"6":{"start":{"line":24,"column":8},"end":{"line":24,"column":28}},"7":{"start":{"line":28,"column":8},"end":{"line":28,"column":33}},"8":{"start":{"line":33,"column":8},"end":{"line":35,"column":9}},"9":{"start":{"line":34,"column":12},"end":{"line":34,"column":51}},"10":{"start":{"line":36,"column":8},"end":{"line":36,"column":34}},"11":{"start":{"line":40,"column":8},"end":{"line":40,"column":33}},"12":{"start":{"line":44,"column":8},"end":{"line":44,"column":24}},"13":{"start":{"line":5,"column":0},"end":{"line":5,"column":13}}},"fnMap":{"0":{"name":"(anonymous_0)","decl":{"start":{"line":10,"column":4},"end":{"line":10,"column":null}},"loc":{"start":{"line":13,"column":53},"end":{"line":17,"column":5}}},"1":{"name":"(anonymous_1)","decl":{"start":{"line":19,"column":4},"end":{"line":19,"column":8}},"loc":{"start":{"line":19,"column":13},"end":{"line":21,"column":5}}},"2":{"name":"(anonymous_2)","decl":{"start":{"line":23,"column":4},"end":{"line":23,"column":8}},"loc":{"start":{"line":23,"column":32},"end":{"line":25,"column":5}}},"3":{"name":"(anonymous_3)","decl":{"start":{"line":27,"column":4},"end":{"line":27,"column":8}},"loc":{"start":{"line":27,"column":19},"end":{"line":29,"column":5}}},"4":{"name":"(anonymous_4)","decl":{"start":{"line":31,"column":4},"end":{"line":31,"column":9}},"loc":{"start":{"line":31,"column":22},"end":{"line":37,"column":5}}},"5":{"name":"(anonymous_5)","decl":{"start":{"line":39,"column":4},"end":{"line":39,"column":11}},"loc":{"start":{"line":39,"column":11},"end":{"line":41,"column":5}}},"6":{"name":"(anonymous_6)","decl":{"start":{"line":43,"column":4},"end":{"line":43,"column":8}},"loc":{"start":{"line":43,"column":10},"end":{"line":45,"column":5}}}},"branchMap":{"0":{"loc":{"start":{"line":13,"column":8},"end":{"line":13,"column":53}},"type":"default-arg","locations":[{"start":{"line":13,"column":29},"end":{"line":13,"column":53}}]},"1":{"loc":{"start":{"line":33,"column":8},"end":{"line":35,"column":9}},"type":"if","locations":[{"start":{"line":33,"column":8},"end":{"line":35,"column":9}}]}},"s":{"0":5,"1":5,"2":48,"3":48,"4":48,"5":11,"6":15,"7":12,"8":9,"9":1,"10":8,"11":3,"12":2,"13":5},"f":{"0":48,"1":11,"2":15,"3":12,"4":9,"5":3,"6":2},"b":{"0":[48],"1":[1]}}
,"/Users/erwin/projects/siteon/mpluz-assignment/src/output/OutputManager.ts": {"path":"/Users/erwin/projects/siteon/mpluz-assignment/src/output/OutputManager.ts","statementMap":{"0":{"start":{"line":2,"column":0},"end":{"line":2,"column":34}},"1":{"start":{"line":3,"column":0},"end":{"line":3,"column":44}},"2":{"start":{"line":4,"column":0},"end":{"line":4,"column":49}},"3":{"start":{"line":5,"column":30},"end":{"line":5,"column":31}},"4":{"start":{"line":8,"column":19},"end":{"line":8,"column":42}},"5":{"start":{"line":11,"column":4},"end":{"line":11,"column":47}},"6":{"start":{"line":15,"column":19},"end":{"line":15,"column":59}},"7":{"start":{"line":16,"column":4},"end":{"line":18,"column":5}},"8":{"start":{"line":17,"column":6},"end":{"line":17,"column":42}},"9":{"start":{"line":19,"column":4},"end":{"line":19,"column":41}},"10":{"start":{"line":23,"column":19},"end":{"line":23,"column":59}},"11":{"start":{"line":24,"column":4},"end":{"line":26,"column":5}},"12":{"start":{"line":25,"column":6},"end":{"line":25,"column":42}},"13":{"start":{"line":27,"column":4},"end":{"line":27,"column":44}},"14":{"start":{"line":31,"column":4},"end":{"line":31,"column":52}},"15":{"start":{"line":35,"column":19},"end":{"line":35,"column":59}},"16":{"start":{"line":36,"column":4},"end":{"line":38,"column":5}},"17":{"start":{"line":37,"column":6},"end":{"line":37,"column":42}},"18":{"start":{"line":39,"column":4},"end":{"line":41,"column":5}},"19":{"start":{"line":40,"column":6},"end":{"line":40,"column":49}},"20":{"start":{"line":42,"column":4},"end":{"line":42,"column":24}},"21":{"start":{"line":46,"column":19},"end":{"line":46,"column":59}},"22":{"start":{"line":47,"column":4},"end":{"line":49,"column":5}},"23":{"start":{"line":48,"column":6},"end":{"line":48,"column":23}},"24":{"start":{"line":53,"column":4},"end":{"line":58,"column":7}},"25":{"start":{"line":54,"column":6},"end":{"line":57,"column":7}},"26":{"start":{"line":55,"column":8},"end":{"line":55,"column":84}},"27":{"start":{"line":56,"column":8},"end":{"line":56,"column":25}},"28":{"start":{"line":62,"column":4},"end":{"line":64,"column":5}},"29":{"start":{"line":62,"column":17},"end":{"line":62,"column":18}},"30":{"start":{"line":63,"column":6},"end":{"line":63,"column":50}},"31":{"start":{"line":7,"column":0},"end":{"line":7,"column":13}}},"fnMap":{"0":{"name":"(anonymous_0)","decl":{"start":{"line":10,"column":2},"end":{"line":10,"column":14}},"loc":{"start":{"line":10,"column":52},"end":{"line":12,"column":3}}},"1":{"name":"(anonymous_1)","decl":{"start":{"line":14,"column":2},"end":{"line":14,"column":15}},"loc":{"start":{"line":14,"column":26},"end":{"line":20,"column":3}}},"2":{"name":"(anonymous_2)","decl":{"start":{"line":22,"column":2},"end":{"line":22,"column":18}},"loc":{"start":{"line":22,"column":29},"end":{"line":28,"column":3}}},"3":{"name":"(anonymous_3)","decl":{"start":{"line":30,"column":2},"end":{"line":30,"column":11}},"loc":{"start":{"line":30,"column":22},"end":{"line":32,"column":3}}},"4":{"name":"(anonymous_4)","decl":{"start":{"line":34,"column":2},"end":{"line":34,"column":13}},"loc":{"start":{"line":34,"column":38},"end":{"line":43,"column":3}}},"5":{"name":"(anonymous_5)","decl":{"start":{"line":45,"column":2},"end":{"line":45,"column":15}},"loc":{"start":{"line":45,"column":26},"end":{"line":50,"column":3}}},"6":{"name":"(anonymous_6)","decl":{"start":{"line":52,"column":2},"end":{"line":52,"column":23}},"loc":{"start":{"line":52,"column":23},"end":{"line":59,"column":3}}},"7":{"name":"(anonymous_7)","decl":{"start":{"line":53,"column":25},"end":{"line":53,"column":31}},"loc":{"start":{"line":53,"column":34},"end":{"line":58,"column":5}}},"8":{"name":"(anonymous_8)","decl":{"start":{"line":61,"column":10},"end":{"line":61,"column":23}},"loc":{"start":{"line":61,"column":56},"end":{"line":65,"column":3}}}},"branchMap":{"0":{"loc":{"start":{"line":16,"column":4},"end":{"line":18,"column":5}},"type":"if","locations":[{"start":{"line":16,"column":4},"end":{"line":18,"column":5}}]},"1":{"loc":{"start":{"line":24,"column":4},"end":{"line":26,"column":5}},"type":"if","locations":[{"start":{"line":24,"column":4},"end":{"line":26,"column":5}}]},"2":{"loc":{"start":{"line":36,"column":4},"end":{"line":38,"column":5}},"type":"if","locations":[{"start":{"line":36,"column":4},"end":{"line":38,"column":5}}]},"3":{"loc":{"start":{"line":39,"column":4},"end":{"line":41,"column":5}},"type":"if","locations":[{"start":{"line":39,"column":4},"end":{"line":41,"column":5}}]},"4":{"loc":{"start":{"line":47,"column":4},"end":{"line":49,"column":5}},"type":"if","locations":[{"start":{"line":47,"column":4},"end":{"line":49,"column":5}}]},"5":{"loc":{"start":{"line":54,"column":6},"end":{"line":57,"column":7}},"type":"if","locations":[{"start":{"line":54,"column":6},"end":{"line":57,"column":7}}]},"6":{"loc":{"start":{"line":54,"column":10},"end":{"line":54,"column":35}},"type":"cond-expr","locations":[{"start":{"line":54,"column":28},"end":{"line":54,"column":30}},{"start":{"line":54,"column":28},"end":{"line":54,"column":35}}]},"7":{"loc":{"start":{"line":54,"column":10},"end":{"line":54,"column":30}},"type":"binary-expr","locations":[{"start":{"line":54,"column":10},"end":{"line":54,"column":30}},{"start":{"line":54,"column":28},"end":{"line":54,"column":30}}]}},"s":{"0":4,"1":4,"2":4,"3":4,"4":16,"5":16,"6":13,"7":13,"8":1,"9":12,"10":3,"11":3,"12":1,"13":2,"14":12,"15":7,"16":7,"17":1,"18":6,"19":1,"20":5,"21":1,"22":1,"23":1,"24":1,"25":3,"26":1,"27":1,"28":16,"29":16,"30":41,"31":4},"f":{"0":16,"1":13,"2":3,"3":12,"4":7,"5":1,"6":1,"7":3,"8":16},"b":{"0":[1],"1":[1],"2":[1],"3":[1],"4":[1],"5":[1],"6":[1,2],"7":[3,2]}}
,"/Users/erwin/projects/siteon/mpluz-assignment/src/output/OutputState.ts": {"path":"/Users/erwin/projects/siteon/mpluz-assignment/src/output/OutputState.ts","statementMap":{"0":{"start":{"line":2,"column":0},"end":{"line":2,"column":null}},"1":{"start":{"line":3,"column":4},"end":{"line":3,"column":null}},"2":{"start":{"line":4,"column":4},"end":{"line":4,"column":null}}},"fnMap":{"0":{"name":"(anonymous_0)","decl":{"start":{"line":2,"column":0},"end":{"line":2,"column":12}},"loc":{"start":{"line":2,"column":23},"end":{"line":5,"column":1}}}},"branchMap":{"0":{"loc":{"start":{"line":2,"column":12},"end":{"line":2,"column":null}},"type":"binary-expr","locations":[{"start":{"line":2,"column":12},"end":{"line":2,"column":23}},{"start":{"line":2,"column":23},"end":{"line":2,"column":null}}]}},"s":{"0":5,"1":5,"2":5},"f":{"0":5},"b":{"0":[5,5]}}
,"/Users/erwin/projects/siteon/mpluz-assignment/src/router/Router.ts": {"path":"/Users/erwin/projects/siteon/mpluz-assignment/src/router/Router.ts","statementMap":{"0":{"start":{"line":1,"column":0},"end":{"line":1,"column":48}},"1":{"start":{"line":10,"column":16},"end":{"line":10,"column":27}},"2":{"start":{"line":11,"column":16},"end":{"line":11,"column":27}},"3":{"start":{"line":6,"column":12},"end":{"line":6,"column":38}},"4":{"start":{"line":7,"column":12},"end":{"line":7,"column":38}},"5":{"start":{"line":13,"column":8},"end":{"line":15,"column":9}},"6":{"start":{"line":14,"column":12},"end":{"line":14,"column":42}},"7":{"start":{"line":16,"column":8},"end":{"line":18,"column":9}},"8":{"start":{"line":17,"column":12},"end":{"line":17,"column":50}},"9":{"start":{"line":22,"column":8},"end":{"line":22,"column":24}},"10":{"start":{"line":26,"column":8},"end":{"line":26,"column":24}},"11":{"start":{"line":30,"column":8},"end":{"line":30,"column":30}},"12":{"start":{"line":34,"column":8},"end":{"line":34,"column":30}},"13":{"start":{"line":38,"column":8},"end":{"line":38,"column":37}},"14":{"start":{"line":43,"column":8},"end":{"line":43,"column":37}},"15":{"start":{"line":47,"column":22},"end":{"line":47,"column":47}},"16":{"start":{"line":48,"column":23},"end":{"line":48,"column":50}},"17":{"start":{"line":49,"column":8},"end":{"line":54,"column":9}},"18":{"start":{"line":50,"column":12},"end":{"line":50,"column":32}},"19":{"start":{"line":53,"column":12},"end":{"line":53,"column":57}},"20":{"start":{"line":5,"column":0},"end":{"line":5,"column":13}}},"fnMap":{"0":{"name":"(anonymous_0)","decl":{"start":{"line":9,"column":4},"end":{"line":9,"column":null}},"loc":{"start":{"line":11,"column":27},"end":{"line":19,"column":5}}},"1":{"name":"(anonymous_1)","decl":{"start":{"line":21,"column":4},"end":{"line":21,"column":8}},"loc":{"start":{"line":21,"column":10},"end":{"line":23,"column":5}}},"2":{"name":"(anonymous_2)","decl":{"start":{"line":25,"column":4},"end":{"line":25,"column":8}},"loc":{"start":{"line":25,"column":10},"end":{"line":27,"column":5}}},"3":{"name":"(anonymous_3)","decl":{"start":{"line":29,"column":4},"end":{"line":29,"column":8}},"loc":{"start":{"line":29,"column":16},"end":{"line":31,"column":5}}},"4":{"name":"(anonymous_4)","decl":{"start":{"line":33,"column":4},"end":{"line":33,"column":8}},"loc":{"start":{"line":33,"column":16},"end":{"line":35,"column":5}}},"5":{"name":"(anonymous_5)","decl":{"start":{"line":37,"column":4},"end":{"line":37,"column":14}},"loc":{"start":{"line":37,"column":31},"end":{"line":39,"column":5}}},"6":{"name":"(anonymous_6)","decl":{"start":{"line":42,"column":4},"end":{"line":42,"column":14}},"loc":{"start":{"line":42,"column":31},"end":{"line":44,"column":5}}},"7":{"name":"(anonymous_7)","decl":{"start":{"line":46,"column":4},"end":{"line":46,"column":9}},"loc":{"start":{"line":46,"column":79},"end":{"line":55,"column":5}}}},"branchMap":{"0":{"loc":{"start":{"line":13,"column":8},"end":{"line":15,"column":9}},"type":"if","locations":[{"start":{"line":13,"column":8},"end":{"line":15,"column":9}}]},"1":{"loc":{"start":{"line":16,"column":8},"end":{"line":18,"column":9}},"type":"if","locations":[{"start":{"line":16,"column":8},"end":{"line":18,"column":9}}]},"2":{"loc":{"start":{"line":49,"column":8},"end":{"line":54,"column":9}},"type":"if","locations":[{"start":{"line":49,"column":8},"end":{"line":54,"column":9}},{"start":{"line":52,"column":13},"end":{"line":54,"column":9}}]},"3":{"loc":{"start":{"line":49,"column":12},"end":{"line":49,"column":27}},"type":"binary-expr","locations":[{"start":{"line":49,"column":12},"end":{"line":49,"column":17}},{"start":{"line":49,"column":21},"end":{"line":49,"column":27}}]}},"s":{"0":1,"1":11,"2":11,"3":11,"4":11,"5":11,"6":1,"7":10,"8":1,"9":1,"10":1,"11":2,"12":2,"13":3,"14":3,"15":2,"16":2,"17":2,"18":1,"19":1,"20":1},"f":{"0":11,"1":1,"2":1,"3":2,"4":2,"5":3,"6":3,"7":2},"b":{"0":[1],"1":[1],"2":[1,1],"3":[2,2]}}
,"/Users/erwin/projects/siteon/mpluz-assignment/src/util/IpUtilities.ts": {"path":"/Users/erwin/projects/siteon/mpluz-assignment/src/util/IpUtilities.ts","statementMap":{"0":{"start":{"line":7,"column":20},"end":{"line":11,"column":null}},"1":{"start":{"line":14,"column":4},"end":{"line":14,"column":28}},"2":{"start":{"line":6,"column":0},"end":{"line":6,"column":16}}},"fnMap":{"0":{"name":"isValidIp","decl":{"start":{"line":6,"column":16},"end":{"line":6,"column":25}},"loc":{"start":{"line":6,"column":36},"end":{"line":15,"column":1}}}},"branchMap":{},"s":{"0":18,"1":18,"2":2},"f":{"0":18},"b":{}}
,"/Users/erwin/projects/siteon/mpluz-assignment/src/util/enumUtilities.ts": {"path":"/Users/erwin/projects/siteon/mpluz-assignment/src/util/enumUtilities.ts","statementMap":{"0":{"start":{"line":2,"column":19},"end":{"line":2,"column":41}},"1":{"start":{"line":3,"column":24},"end":{"line":3,"column":65}},"2":{"start":{"line":5,"column":4},"end":{"line":5,"column":56}},"3":{"start":{"line":1,"column":0},"end":{"line":1,"column":16}}},"fnMap":{"0":{"name":"getRandomEnum","decl":{"start":{"line":1,"column":16},"end":{"line":1,"column":29}},"loc":{"start":{"line":1,"column":85},"end":{"line":8,"column":1}}}},"branchMap":{},"s":{"0":3,"1":3,"2":3,"3":2},"f":{"0":3},"b":{}}
,"/Users/erwin/projects/siteon/mpluz-assignment/src/util/randomDongle.ts": {"path":"/Users/erwin/projects/siteon/mpluz-assignment/src/util/randomDongle.ts","statementMap":{"0":{"start":{"line":1,"column":0},"end":{"line":1,"column":45}},"1":{"start":{"line":2,"column":0},"end":{"line":2,"column":52}},"2":{"start":{"line":3,"column":0},"end":{"line":3,"column":45}},"3":{"start":{"line":4,"column":0},"end":{"line":4,"column":48}},"4":{"start":{"line":10,"column":18},"end":{"line":13,"column":null}},"5":{"start":{"line":14,"column":18},"end":{"line":14,"column":44}},"6":{"start":{"line":15,"column":19},"end":{"line":15,"column":22}},"7":{"start":{"line":16,"column":15},"end":{"line":16,"column":65}},"8":{"start":{"line":18,"column":4},"end":{"line":18,"column":38}},"9":{"start":{"line":6,"column":0},"end":{"line":6,"column":16}},"10":{"start":{"line":22,"column":22},"end":{"line":22,"column":64}},"11":{"start":{"line":24,"column":2},"end":{"line":24,"column":30}},"12":{"start":{"line":21,"column":0},"end":{"line":21,"column":16}}},"fnMap":{"0":{"name":"generateRandomDongle","decl":{"start":{"line":6,"column":16},"end":{"line":6,"column":36}},"loc":{"start":{"line":8,"column":31},"end":{"line":19,"column":1}}},"1":{"name":"getRandomDongle","decl":{"start":{"line":21,"column":16},"end":{"line":21,"column":31}},"loc":{"start":{"line":21,"column":47},"end":{"line":25,"column":1}}}},"branchMap":{},"s":{"0":1,"1":1,"2":1,"3":1,"4":2,"5":2,"6":2,"7":2,"8":2,"9":1,"10":1,"11":1,"12":1},"f":{"0":2,"1":1},"b":{}}
}
