TN:
SF:src/decoder/Decoder.ts
FN:20,(anonymous_0)
FN:27,(anonymous_1)
FN:34,(anonymous_2)
FN:42,(anonymous_3)
FN:51,(anonymous_4)
FN:60,(anonymous_5)
FN:68,(anonymous_6)
FN:75,(anonymous_7)
FNF:8
FNH:8
FNDA:11,(anonymous_0)
FNDA:5,(anonymous_1)
FNDA:8,(anonymous_2)
FNDA:1,(anonymous_3)
FNDA:8,(anonymous_4)
FNDA:4,(anonymous_5)
FNDA:1,(anonymous_6)
FNDA:5,(anonymous_7)
DA:1,3
DA:3,3
DA:6,3
DA:7,3
DA:9,3
DA:25,11
DA:26,11
DA:27,11
DA:35,8
DA:43,1
DA:52,8
DA:61,4
DA:69,1
DA:76,5
DA:77,5
LF:15
LH:15
BRDA:23,0,0,5
BRF:1
BRH:1
end_of_record
TN:
SF:src/dongle/DongleModel.ts
FN:5,(anonymous_0)
FNF:1
FNH:1
FNDA:6,(anonymous_0)
DA:5,6
DA:6,6
DA:7,6
DA:8,6
DA:9,6
DA:10,6
LF:6
LH:6
BRDA:5,0,0,6
BRDA:5,0,1,6
BRF:2
BRH:2
end_of_record
TN:
SF:src/dongle/DongleType.ts
FN:4,(anonymous_0)
FNF:1
FNH:1
FNDA:6,(anonymous_0)
DA:4,6
DA:5,6
DA:6,6
DA:7,6
LF:4
LH:4
BRDA:4,0,0,6
BRDA:4,0,1,6
BRF:2
BRH:2
end_of_record
TN:
SF:src/encoder/Encoder.ts
FN:19,(anonymous_0)
FN:32,(anonymous_1)
FN:41,(anonymous_2)
FN:50,(anonymous_3)
FN:60,(anonymous_4)
FN:69,(anonymous_5)
FN:77,(anonymous_6)
FNF:7
FNH:7
FNDA:26,(anonymous_0)
FNDA:19,(anonymous_1)
FNDA:4,(anonymous_2)
FNDA:1,(anonymous_3)
FNDA:21,(anonymous_4)
FNDA:1,(anonymous_5)
FNDA:6,(anonymous_6)
DA:1,6
DA:3,6
DA:5,6
DA:6,6
DA:8,6
DA:22,26
DA:24,26
DA:25,26
DA:33,19
DA:34,19
DA:42,4
DA:43,4
DA:51,1
DA:52,1
DA:61,21
DA:70,1
DA:78,6
LF:17
LH:17
BRDA:22,0,0,25
BRF:1
BRH:1
end_of_record
TN:
SF:src/input/Input.ts
FN:13,(anonymous_0)
FN:26,(anonymous_1)
FN:33,(anonymous_2)
FN:41,(anonymous_3)
FNF:4
FNH:4
FNDA:70,(anonymous_0)
FNDA:24,(anonymous_1)
FNDA:27,(anonymous_2)
FNDA:8,(anonymous_3)
DA:1,8
DA:3,8
DA:18,70
DA:19,70
DA:27,24
DA:34,27
DA:42,8
LF:7
LH:7
BRDA:16,0,0,69
BRF:1
BRH:1
end_of_record
TN:
SF:src/input/InputManager.ts
FN:8,(anonymous_0)
FN:17,(anonymous_1)
FN:25,(anonymous_2)
FN:33,(anonymous_3)
FN:46,(anonymous_4)
FN:60,(anonymous_5)
FN:61,(anonymous_6)
FN:69,(anonymous_7)
FNF:8
FNH:8
FNDA:34,(anonymous_0)
FNDA:25,(anonymous_1)
FNDA:7,(anonymous_2)
FNDA:21,(anonymous_3)
FNDA:7,(anonymous_4)
FNDA:3,(anonymous_5)
FNDA:4,(anonymous_6)
FNDA:34,(anonymous_7)
DA:1,7
DA:2,7
DA:3,7
DA:5,7
DA:6,34
DA:9,34
DA:18,25
DA:26,7
DA:34,21
DA:35,21
DA:36,20
DA:38,1
DA:47,7
DA:48,7
DA:49,6
DA:51,1
DA:61,4
DA:70,34
DA:71,67
LF:19
LH:19
BRDA:35,0,0,20
BRDA:35,0,1,1
BRDA:48,1,0,6
BRDA:48,1,1,1
BRDA:61,2,0,3
BRDA:61,2,1,1
BRF:6
BRH:6
end_of_record
TN:
SF:src/input/InputState.ts
FN:1,(anonymous_0)
FNF:1
FNH:1
FNDA:8,(anonymous_0)
DA:1,8
DA:2,8
DA:3,8
LF:3
LH:3
BRDA:1,0,0,8
BRDA:1,0,1,8
BRF:2
BRH:2
end_of_record
TN:
SF:src/output/Output.ts
FN:10,(anonymous_0)
FN:23,(anonymous_1)
FN:31,(anonymous_2)
FN:39,(anonymous_3)
FN:48,(anonymous_4)
FN:59,(anonymous_5)
FN:67,(anonymous_6)
FNF:7
FNH:7
FNDA:56,(anonymous_0)
FNDA:14,(anonymous_1)
FNDA:18,(anonymous_2)
FNDA:24,(anonymous_3)
FNDA:12,(anonymous_4)
FNDA:5,(anonymous_5)
FNDA:3,(anonymous_6)
DA:2,5
DA:3,5
DA:5,5
DA:8,56
DA:15,56
DA:16,56
DA:24,14
DA:32,18
DA:40,24
DA:50,12
DA:51,1
DA:53,11
DA:60,5
DA:68,3
LF:14
LH:14
BRDA:13,0,0,56
BRDA:50,1,0,1
BRF:2
BRH:2
end_of_record
TN:
SF:src/output/OutputManager.ts
FN:10,(anonymous_0)
FN:19,(anonymous_1)
FN:31,(anonymous_2)
FN:44,(anonymous_3)
FN:54,(anonymous_4)
FN:69,(anonymous_5)
FN:79,(anonymous_6)
FN:80,(anonymous_7)
FN:96,(anonymous_8)
FNF:9
FNH:9
FNDA:20,(anonymous_0)
FNDA:16,(anonymous_1)
FNDA:3,(anonymous_2)
FNDA:14,(anonymous_3)
FNDA:10,(anonymous_4)
FNDA:2,(anonymous_5)
FNDA:6,(anonymous_6)
FNDA:13,(anonymous_7)
FNDA:20,(anonymous_8)
DA:2,4
DA:3,4
DA:4,4
DA:5,4
DA:7,4
DA:8,20
DA:11,20
DA:20,16
DA:21,16
DA:22,1
DA:24,15
DA:32,3
DA:33,3
DA:34,1
DA:36,2
DA:45,14
DA:55,10
DA:56,10
DA:57,1
DA:59,9
DA:60,1
DA:62,8
DA:70,2
DA:71,2
DA:72,2
DA:80,6
DA:81,13
DA:82,2
DA:85,2
DA:97,20
DA:98,49
LF:31
LH:31
BRDA:21,0,0,1
BRDA:33,1,0,1
BRDA:56,2,0,1
BRDA:59,3,0,1
BRDA:71,4,0,2
BRDA:81,5,0,2
BRDA:81,6,0,9
BRDA:81,6,1,4
BRDA:81,7,0,13
BRDA:81,7,1,4
BRF:10
BRH:10
end_of_record
TN:
SF:src/output/OutputState.ts
FN:1,(anonymous_0)
FNF:1
FNH:1
FNDA:5,(anonymous_0)
DA:1,5
DA:2,5
DA:3,5
LF:3
LH:3
BRDA:1,0,0,5
BRDA:1,0,1,5
BRF:2
BRH:2
end_of_record
TN:
SF:src/router/Router.ts
FN:9,(anonymous_0)
FN:24,(anonymous_1)
FN:31,(anonymous_2)
FN:38,(anonymous_3)
FN:45,(anonymous_4)
FN:52,(anonymous_5)
FN:59,(anonymous_6)
FN:66,(anonymous_7)
FN:67,(anonymous_8)
FN:73,(anonymous_9)
FN:74,(anonymous_10)
FN:84,(anonymous_11)
FNF:12
FNH:12
FNDA:13,(anonymous_0)
FNDA:1,(anonymous_1)
FNDA:1,(anonymous_2)
FNDA:3,(anonymous_3)
FNDA:3,(anonymous_4)
FNDA:4,(anonymous_5)
FNDA:4,(anonymous_6)
FNDA:1,(anonymous_7)
FNDA:1,(anonymous_8)
FNDA:1,(anonymous_9)
FNDA:1,(anonymous_10)
FNDA:2,(anonymous_11)
DA:1,1
DA:5,1
DA:6,13
DA:7,13
DA:10,13
DA:11,13
DA:13,13
DA:14,1
DA:16,12
DA:17,1
DA:25,1
DA:32,1
DA:39,3
DA:46,3
DA:53,4
DA:60,4
DA:67,1
DA:74,1
DA:90,2
DA:91,2
DA:92,2
DA:93,1
DA:95,1
LF:23
LH:23
BRDA:13,0,0,1
BRDA:16,1,0,1
BRDA:92,2,0,1
BRDA:92,2,1,1
BRDA:92,3,0,2
BRDA:92,3,1,2
BRF:6
BRH:6
end_of_record
TN:
SF:src/util/IpUtilities.ts
FN:9,isValidIp
FNF:1
FNH:1
FNDA:20,isValidIp
DA:9,2
DA:10,20
DA:17,20
LF:3
LH:3
BRF:0
BRH:0
end_of_record
TN:
SF:src/util/enumUtilities.ts
FN:8,getRandomEnum
FNF:1
FNH:1
FNDA:3,getRandomEnum
DA:8,2
DA:11,3
DA:12,3
DA:14,3
LF:4
LH:4
BRF:0
BRH:0
end_of_record
TN:
SF:src/util/randomDongle.ts
FN:12,generateRandomDongle
FN:34,getRandomDongle
FNF:2
FNH:2
FNDA:2,generateRandomDongle
FNDA:1,getRandomDongle
DA:1,1
DA:2,1
DA:3,1
DA:4,1
DA:12,1
DA:16,2
DA:20,2
DA:21,2
DA:22,2
DA:24,2
DA:34,1
DA:35,1
DA:37,1
LF:13
LH:13
BRF:0
BRH:0
end_of_record
