TN:
SF:src/decoder/Decoder.ts
FN:12,(anonymous_0)
FN:19,(anonymous_1)
FN:22,(anonymous_2)
FN:26,(anonymous_3)
FN:30,(anonymous_4)
FN:34,(anonymous_5)
FN:38,(anonymous_6)
FN:42,(anonymous_7)
FNF:8
FNH:8
FNDA:9,(anonymous_0)
FNDA:5,(anonymous_1)
FNDA:7,(anonymous_2)
FNDA:1,(anonymous_3)
FNDA:8,(anonymous_4)
FNDA:3,(anonymous_5)
FNDA:1,(anonymous_6)
FNDA:5,(anonymous_7)
DA:1,3
DA:3,3
DA:6,3
DA:7,3
DA:9,3
DA:17,9
DA:18,9
DA:19,9
DA:23,7
DA:27,1
DA:31,8
DA:35,3
DA:39,1
DA:43,5
DA:44,5
LF:15
LH:15
BRDA:15,0,0,4
BRF:1
BRH:1
end_of_record
TN:
SF:src/dongle/DongleModel.ts
FN:1,(anonymous_0)
FNF:1
FNH:1
FNDA:6,(anonymous_0)
DA:1,6
DA:2,6
DA:3,6
DA:4,6
DA:5,6
DA:6,6
LF:6
LH:6
BRDA:1,0,0,6
BRDA:1,0,1,6
BRF:2
BRH:2
end_of_record
TN:
SF:src/dongle/DongleType.ts
FN:1,(anonymous_0)
FNF:1
FNH:1
FNDA:6,(anonymous_0)
DA:1,6
DA:2,6
DA:3,6
DA:4,6
LF:4
LH:4
BRDA:1,0,0,6
BRDA:1,0,1,6
BRF:2
BRH:2
end_of_record
TN:
SF:src/encoder/Encoder.ts
FN:11,(anonymous_0)
FN:20,(anonymous_1)
FN:25,(anonymous_2)
FN:30,(anonymous_3)
FN:34,(anonymous_4)
FN:38,(anonymous_5)
FNF:6
FNH:6
FNDA:23,(anonymous_0)
FNDA:16,(anonymous_1)
FNDA:3,(anonymous_2)
FNDA:18,(anonymous_3)
FNDA:1,(anonymous_4)
FNDA:1,(anonymous_5)
DA:1,6
DA:3,6
DA:5,6
DA:6,6
DA:8,6
DA:14,23
DA:16,23
DA:17,23
DA:21,16
DA:22,16
DA:26,3
DA:27,3
DA:31,18
DA:35,1
DA:39,1
LF:15
LH:15
BRDA:14,0,0,23
BRF:1
BRH:1
end_of_record
TN:
SF:src/input/Input.ts
FN:7,(anonymous_0)
FN:16,(anonymous_1)
FN:20,(anonymous_2)
FN:24,(anonymous_3)
FNF:4
FNH:4
FNDA:65,(anonymous_0)
FNDA:21,(anonymous_1)
FNDA:22,(anonymous_2)
FNDA:8,(anonymous_3)
DA:1,8
DA:3,8
DA:12,65
DA:13,65
DA:17,21
DA:21,22
DA:25,8
LF:7
LH:7
BRDA:10,0,0,64
BRF:1
BRH:1
end_of_record
TN:
SF:src/input/InputManager.ts
FN:7,(anonymous_0)
FN:11,(anonymous_1)
FN:15,(anonymous_2)
FN:19,(anonymous_3)
FN:28,(anonymous_4)
FN:37,(anonymous_5)
FN:38,(anonymous_6)
FN:41,(anonymous_7)
FNF:8
FNH:8
FNDA:31,(anonymous_0)
FNDA:22,(anonymous_1)
FNDA:2,(anonymous_2)
FNDA:18,(anonymous_3)
FNDA:5,(anonymous_4)
FNDA:3,(anonymous_5)
FNDA:4,(anonymous_6)
FNDA:31,(anonymous_7)
DA:1,7
DA:2,7
DA:4,7
DA:5,31
DA:8,31
DA:12,22
DA:16,2
DA:20,18
DA:21,18
DA:22,17
DA:24,1
DA:29,5
DA:30,5
DA:31,4
DA:33,1
DA:38,4
DA:42,31
DA:43,62
LF:18
LH:18
BRDA:21,0,0,17
BRDA:21,0,1,1
BRDA:30,1,0,4
BRDA:30,1,1,1
BRDA:38,2,0,3
BRDA:38,2,1,1
BRF:6
BRH:6
end_of_record
TN:
SF:src/input/InputState.ts
FN:2,(anonymous_0)
FNF:1
FNH:1
FNDA:8,(anonymous_0)
DA:2,8
DA:3,8
DA:4,8
LF:3
LH:3
BRDA:2,0,0,8
BRDA:2,0,1,8
BRF:2
BRH:2
end_of_record
TN:
SF:src/output/Output.ts
FN:10,(anonymous_0)
FN:19,(anonymous_1)
FN:23,(anonymous_2)
FN:27,(anonymous_3)
FN:31,(anonymous_4)
FN:39,(anonymous_5)
FN:43,(anonymous_6)
FNF:7
FNH:7
FNDA:52,(anonymous_0)
FNDA:13,(anonymous_1)
FNDA:17,(anonymous_2)
FNDA:24,(anonymous_3)
FNDA:11,(anonymous_4)
FNDA:5,(anonymous_5)
FNDA:3,(anonymous_6)
DA:2,5
DA:3,5
DA:5,5
DA:8,52
DA:15,52
DA:16,52
DA:20,13
DA:24,17
DA:28,24
DA:33,11
DA:34,1
DA:36,10
DA:40,5
DA:44,3
LF:14
LH:14
BRDA:13,0,0,52
BRDA:33,1,0,1
BRF:2
BRH:2
end_of_record
TN:
SF:src/output/OutputManager.ts
FN:9,(anonymous_0)
FN:13,(anonymous_1)
FN:21,(anonymous_2)
FN:29,(anonymous_3)
FN:33,(anonymous_4)
FN:44,(anonymous_5)
FN:51,(anonymous_6)
FN:52,(anonymous_7)
FN:60,(anonymous_8)
FNF:9
FNH:9
FNDA:18,(anonymous_0)
FNDA:15,(anonymous_1)
FNDA:3,(anonymous_2)
FNDA:14,(anonymous_3)
FNDA:9,(anonymous_4)
FNDA:2,(anonymous_5)
FNDA:6,(anonymous_6)
FNDA:13,(anonymous_7)
FNDA:18,(anonymous_8)
DA:2,4
DA:3,4
DA:4,4
DA:6,4
DA:7,18
DA:10,18
DA:14,15
DA:15,15
DA:16,1
DA:18,14
DA:22,3
DA:23,3
DA:24,1
DA:26,2
DA:30,14
DA:34,9
DA:35,9
DA:36,1
DA:38,8
DA:39,1
DA:41,7
DA:45,2
DA:46,2
DA:47,2
DA:52,6
DA:53,13
DA:54,2
DA:55,2
DA:61,18
DA:62,45
LF:30
LH:30
BRDA:15,0,0,1
BRDA:23,1,0,1
BRDA:35,2,0,1
BRDA:38,3,0,1
BRDA:46,4,0,2
BRDA:53,5,0,2
BRDA:53,6,0,9
BRDA:53,6,1,4
BRDA:53,7,0,13
BRDA:53,7,1,4
BRF:10
BRH:10
end_of_record
TN:
SF:src/output/OutputState.ts
FN:2,(anonymous_0)
FNF:1
FNH:1
FNDA:5,(anonymous_0)
DA:2,5
DA:3,5
DA:4,5
LF:3
LH:3
BRDA:2,0,0,5
BRDA:2,0,1,5
BRF:2
BRH:2
end_of_record
TN:
SF:src/router/Router.ts
FN:9,(anonymous_0)
FN:21,(anonymous_1)
FN:25,(anonymous_2)
FN:29,(anonymous_3)
FN:33,(anonymous_4)
FN:37,(anonymous_5)
FN:42,(anonymous_6)
FN:46,(anonymous_7)
FNF:8
FNH:8
FNDA:11,(anonymous_0)
FNDA:1,(anonymous_1)
FNDA:1,(anonymous_2)
FNDA:2,(anonymous_3)
FNDA:2,(anonymous_4)
FNDA:3,(anonymous_5)
FNDA:3,(anonymous_6)
FNDA:2,(anonymous_7)
DA:1,1
DA:5,1
DA:6,11
DA:7,11
DA:10,11
DA:11,11
DA:13,11
DA:14,1
DA:16,10
DA:17,1
DA:22,1
DA:26,1
DA:30,2
DA:34,2
DA:38,3
DA:43,3
DA:47,2
DA:48,2
DA:49,2
DA:50,1
DA:53,1
LF:21
LH:21
BRDA:13,0,0,1
BRDA:16,1,0,1
BRDA:49,2,0,1
BRDA:49,2,1,1
BRDA:49,3,0,2
BRDA:49,3,1,2
BRF:6
BRH:6
end_of_record
TN:
SF:src/util/IpUtilities.ts
FN:6,isValidIp
FNF:1
FNH:1
FNDA:18,isValidIp
DA:6,2
DA:7,18
DA:13,18
LF:3
LH:3
BRF:0
BRH:0
end_of_record
TN:
SF:src/util/enumUtilities.ts
FN:1,getRandomEnum
FNF:1
FNH:1
FNDA:3,getRandomEnum
DA:1,2
DA:2,3
DA:3,3
DA:4,3
LF:4
LH:4
BRF:0
BRH:0
end_of_record
TN:
SF:src/util/randomDongle.ts
FN:6,generateRandomDongle
FN:19,getRandomDongle
FNF:2
FNH:2
FNDA:2,generateRandomDongle
FNDA:1,getRandomDongle
DA:1,1
DA:2,1
DA:3,1
DA:4,1
DA:6,1
DA:10,2
DA:14,2
DA:15,2
DA:16,2
DA:19,1
DA:20,1
DA:21,1
LF:12
LH:12
BRF:0
BRH:0
end_of_record
